Tue Jul 03 2018 05:42:36 GMT+0000 (UTC), GET /about
Tue Jul 03 2018 05:43:51 GMT+0000 (UTC), GET /
Tue Jul 03 2018 05:52:30 GMT+0000 (UTC), GET /favicon.ico
Tue Jul 03 2018 05:56:03 GMT+0000 (UTC), GET /
Tue Jul 03 2018 05:56:25 GMT+0000 (UTC), GET /
Tue Jul 03 2018 05:56:57 GMT+0000 (UTC), GET /
Tue Jul 03 2018 05:57:21 GMT+0000 (UTC), GET /
Tue Jul 03 2018 05:57:53 GMT+0000 (UTC), GET /about
Tue Jul 03 2018 06:00:06 GMT+0000 (UTC), GET /help.html
Tue Jul 03 2018 06:00:41 GMT+0000 (UTC), GET /
Tue Jul 03 2018 06:02:22 GMT+0000 (UTC), GET /
Tue Jul 03 2018 06:02:31 GMT+0000 (UTC), GET /about
Tue Jul 03 2018 06:02:38 GMT+0000 (UTC), GET /help.html
Thu Jul 05 2018 06:34:57 GMT+0000 (UTC), GET /help.html
Thu Jul 05 2018 06:35:04 GMT+0000 (UTC), GET /about
Thu Jul 05 2018 06:35:14 GMT+0000 (UTC), GET /
Thu Jul 05 2018 06:37:04 GMT+0000 (UTC), GET /
Thu Jul 05 2018 06:37:07 GMT+0000 (UTC), GET /
Thu Jul 05 2018 06:37:12 GMT+0000 (UTC), GET /about
Thu Jul 05 2018 06:37:18 GMT+0000 (UTC), GET /help.html
Thu Jul 05 2018 06:38:52 GMT+0000 (UTC), GET /
Thu Jul 05 2018 06:39:00 GMT+0000 (UTC), GET /
Thu Jul 05 2018 06:39:17 GMT+0000 (UTC), GET /
Thu Jul 05 2018 06:39:41 GMT+0000 (UTC), GET /
Thu Jul 05 2018 06:44:03 GMT+0000 (UTC), GET /
Thu Jul 05 2018 06:44:41 GMT+0000 (UTC), GET /
Thu Jul 05 2018 06:44:59 GMT+0000 (UTC), GET /about
